0 info it worked if it ends with ok
1 verbose cli [ 'C:\\Program Files\\nodejs\\\\node.exe',
1 verbose cli   'C:\\Program Files\\nodejs\\node_modules\\npm\\bin\\npm-cli.js',
1 verbose cli   'publish',
1 verbose cli   '.' ]
2 info using npm@1.3.21
3 info using node@v0.10.24
4 verbose node symlink C:\Program Files\nodejs\\node.exe
5 verbose publish [ '.' ]
6 verbose cache add [ '.', null ]
7 verbose cache add name=undefined spec="." args=[".",null]
8 verbose parsed url { protocol: null,
8 verbose parsed url   slashes: null,
8 verbose parsed url   auth: null,
8 verbose parsed url   host: null,
8 verbose parsed url   port: null,
8 verbose parsed url   hostname: null,
8 verbose parsed url   hash: null,
8 verbose parsed url   search: null,
8 verbose parsed url   query: null,
8 verbose parsed url   pathname: '.',
8 verbose parsed url   path: '.',
8 verbose parsed url   href: '.' }
9 silly lockFile 3a52ce78- .
10 verbose lock . C:\Users\wilie\AppData\Roaming\npm-cache\3a52ce78-.lock
11 verbose tar pack [ 'C:\\Users\\wilie\\AppData\\Local\\Temp\\npm-2868-hH9KkzOu\\1395713643857-0.5187748754397035\\tmp.tgz',
11 verbose tar pack   '.' ]
12 verbose tarball C:\Users\wilie\AppData\Local\Temp\npm-2868-hH9KkzOu\1395713643857-0.5187748754397035\tmp.tgz
13 verbose folder .
14 info prepublish tse@0.1.5
15 verbose unsafe-perm in lifecycle true
16 silly lockFile 1f1177db-tar tar://.
17 verbose lock tar://. C:\Users\wilie\AppData\Roaming\npm-cache\1f1177db-tar.lock
18 silly lockFile c070394b-43857-0-5187748754397035-tmp-tgz tar://C:\Users\wilie\AppData\Local\Temp\npm-2868-hH9KkzOu\1395713643857-0.5187748754397035\tmp.tgz
19 verbose lock tar://C:\Users\wilie\AppData\Local\Temp\npm-2868-hH9KkzOu\1395713643857-0.5187748754397035\tmp.tgz C:\Users\wilie\AppData\Roaming\npm-cache\c070394b-43857-0-5187748754397035-tmp-tgz.lock
20 silly lockFile 1f1177db-tar tar://.
21 silly lockFile 1f1177db-tar tar://.
22 silly lockFile c070394b-43857-0-5187748754397035-tmp-tgz tar://C:\Users\wilie\AppData\Local\Temp\npm-2868-hH9KkzOu\1395713643857-0.5187748754397035\tmp.tgz
23 silly lockFile c070394b-43857-0-5187748754397035-tmp-tgz tar://C:\Users\wilie\AppData\Local\Temp\npm-2868-hH9KkzOu\1395713643857-0.5187748754397035\tmp.tgz
24 verbose tar unpack C:\Users\wilie\AppData\Local\Temp\npm-2868-hH9KkzOu\1395713643857-0.5187748754397035\tmp.tgz
25 silly lockFile 7d542a45-43857-0-5187748754397035-package tar://C:\Users\wilie\AppData\Local\Temp\npm-2868-hH9KkzOu\1395713643857-0.5187748754397035\package
26 verbose lock tar://C:\Users\wilie\AppData\Local\Temp\npm-2868-hH9KkzOu\1395713643857-0.5187748754397035\package C:\Users\wilie\AppData\Roaming\npm-cache\7d542a45-43857-0-5187748754397035-package.lock
27 silly lockFile c070394b-43857-0-5187748754397035-tmp-tgz tar://C:\Users\wilie\AppData\Local\Temp\npm-2868-hH9KkzOu\1395713643857-0.5187748754397035\tmp.tgz
28 verbose lock tar://C:\Users\wilie\AppData\Local\Temp\npm-2868-hH9KkzOu\1395713643857-0.5187748754397035\tmp.tgz C:\Users\wilie\AppData\Roaming\npm-cache\c070394b-43857-0-5187748754397035-tmp-tgz.lock
29 silly gunzTarPerm modes [ '755', '644' ]
30 silly gunzTarPerm extractEntry package.json
31 silly gunzTarPerm modified mode [ 'package.json', 438, 420 ]
32 silly gunzTarPerm extractEntry README.md
33 silly gunzTarPerm modified mode [ 'README.md', 438, 420 ]
34 silly gunzTarPerm extractEntry bin/tse
35 silly gunzTarPerm modified mode [ 'bin/tse', 438, 420 ]
36 silly gunzTarPerm extractEntry lib/copyDir.js
37 silly gunzTarPerm modified mode [ 'lib/copyDir.js', 438, 420 ]
38 silly gunzTarPerm extractEntry lib/copyDir.ts
39 silly gunzTarPerm modified mode [ 'lib/copyDir.ts', 438, 420 ]
40 silly gunzTarPerm extractEntry lib/tse.ts
41 silly gunzTarPerm modified mode [ 'lib/tse.ts', 438, 420 ]
42 silly gunzTarPerm extractEntry lib/tslib/express.d.ts
43 silly gunzTarPerm modified mode [ 'lib/tslib/express.d.ts', 438, 420 ]
44 silly gunzTarPerm extractEntry lib/tslib/jquery.d.ts
45 silly gunzTarPerm modified mode [ 'lib/tslib/jquery.d.ts', 438, 420 ]
46 silly gunzTarPerm extractEntry lib/tslib/mongoose.d.ts
47 silly gunzTarPerm modified mode [ 'lib/tslib/mongoose.d.ts', 438, 420 ]
48 silly gunzTarPerm extractEntry lib/tslib/node.d.ts
49 silly gunzTarPerm modified mode [ 'lib/tslib/node.d.ts', 438, 420 ]
50 silly gunzTarPerm extractEntry lib/tslib/underscore.d.ts
51 silly gunzTarPerm modified mode [ 'lib/tslib/underscore.d.ts', 438, 420 ]
52 silly gunzTarPerm extractEntry template/package.json
53 silly gunzTarPerm modified mode [ 'template/package.json', 438, 420 ]
54 silly gunzTarPerm extractEntry template/app.js
55 silly gunzTarPerm modified mode [ 'template/app.js', 438, 420 ]
56 silly gunzTarPerm extractEntry template/app/controllers/app_controller.js
57 silly gunzTarPerm modified mode [ 'template/app/controllers/app_controller.js', 438, 420 ]
58 silly gunzTarPerm extractEntry template/app/controllers/example_controller.js
59 silly gunzTarPerm modified mode [ 'template/app/controllers/example_controller.js', 438, 420 ]
60 silly gunzTarPerm extractEntry template/app/controllers/app_controller.ts
61 silly gunzTarPerm modified mode [ 'template/app/controllers/app_controller.ts', 438, 420 ]
62 silly gunzTarPerm extractEntry template/app/controllers/example_controller.ts
63 silly gunzTarPerm modified mode [ 'template/app/controllers/example_controller.ts', 438, 420 ]
64 silly gunzTarPerm extractEntry template/app/middlewares/example_middleware.ts
65 silly gunzTarPerm modified mode [ 'template/app/middlewares/example_middleware.ts', 438, 420 ]
66 silly gunzTarPerm extractEntry template/app/models/example_model.ts
67 silly gunzTarPerm modified mode [ 'template/app/models/example_model.ts', 438, 420 ]
68 silly gunzTarPerm extractEntry template/app/views/example.html
69 silly gunzTarPerm modified mode [ 'template/app/views/example.html', 438, 420 ]
70 silly gunzTarPerm extractEntry template/app/views/index.html
71 silly gunzTarPerm modified mode [ 'template/app/views/index.html', 438, 420 ]
72 silly gunzTarPerm extractEntry template/app.ts
73 silly gunzTarPerm modified mode [ 'template/app.ts', 438, 420 ]
74 silly gunzTarPerm extractEntry template/config/config.js
75 silly gunzTarPerm modified mode [ 'template/config/config.js', 438, 420 ]
76 silly gunzTarPerm extractEntry template/config/db.js
77 silly gunzTarPerm modified mode [ 'template/config/db.js', 438, 420 ]
78 silly gunzTarPerm extractEntry template/config/routes.js
79 silly gunzTarPerm modified mode [ 'template/config/routes.js', 438, 420 ]
80 silly gunzTarPerm extractEntry template/config/config.ts
81 silly gunzTarPerm modified mode [ 'template/config/config.ts', 438, 420 ]
82 silly gunzTarPerm extractEntry template/config/db.ts
83 silly gunzTarPerm modified mode [ 'template/config/db.ts', 438, 420 ]
84 silly gunzTarPerm extractEntry template/config/routes.ts
85 silly gunzTarPerm modified mode [ 'template/config/routes.ts', 438, 420 ]
86 silly gunzTarPerm extractEntry template/db/example_db.ts
87 silly gunzTarPerm modified mode [ 'template/db/example_db.ts', 438, 420 ]
88 silly gunzTarPerm extractEntry template/lib/tslib/express.d.ts
89 silly gunzTarPerm modified mode [ 'template/lib/tslib/express.d.ts', 438, 420 ]
90 silly gunzTarPerm extractEntry template/lib/tslib/jquery.d.ts
91 silly gunzTarPerm modified mode [ 'template/lib/tslib/jquery.d.ts', 438, 420 ]
92 silly gunzTarPerm extractEntry template/lib/tslib/mongoose.d.ts
93 silly gunzTarPerm modified mode [ 'template/lib/tslib/mongoose.d.ts', 438, 420 ]
94 silly gunzTarPerm extractEntry template/lib/tslib/node.d.ts
95 silly gunzTarPerm modified mode [ 'template/lib/tslib/node.d.ts', 438, 420 ]
96 silly gunzTarPerm extractEntry template/lib/tslib/underscore.d.ts
97 silly gunzTarPerm modified mode [ 'template/lib/tslib/underscore.d.ts', 438, 420 ]
98 silly gunzTarPerm extractEntry template/log/example.log
99 silly gunzTarPerm modified mode [ 'template/log/example.log', 438, 420 ]
100 silly gunzTarPerm extractEntry template/public/css/bootstrap-responsive.css
101 silly gunzTarPerm modified mode [ 'template/public/css/bootstrap-responsive.css', 438, 420 ]
102 silly gunzTarPerm extractEntry template/public/css/bootstrap-responsive.min.css
103 silly gunzTarPerm modified mode [ 'template/public/css/bootstrap-responsive.min.css', 438, 420 ]
104 silly gunzTarPerm extractEntry template/public/css/bootstrap.css
105 silly gunzTarPerm modified mode [ 'template/public/css/bootstrap.css', 438, 420 ]
106 silly gunzTarPerm extractEntry template/public/css/bootstrap.min.css
107 silly gunzTarPerm modified mode [ 'template/public/css/bootstrap.min.css', 438, 420 ]
108 silly gunzTarPerm extractEntry template/public/css/style.css
109 silly gunzTarPerm modified mode [ 'template/public/css/style.css', 438, 420 ]
110 silly gunzTarPerm extractEntry template/public/html/index.html
111 silly gunzTarPerm modified mode [ 'template/public/html/index.html', 438, 420 ]
112 silly gunzTarPerm extractEntry template/public/js/bootstrap.js
113 silly gunzTarPerm modified mode [ 'template/public/js/bootstrap.js', 438, 420 ]
114 silly gunzTarPerm extractEntry template/public/js/bootstrap.min.js
115 silly gunzTarPerm modified mode [ 'template/public/js/bootstrap.min.js', 438, 420 ]
116 silly gunzTarPerm extractEntry template/public/js/jquery.min.js
117 silly gunzTarPerm modified mode [ 'template/public/js/jquery.min.js', 438, 420 ]
118 silly lockFile 7d542a45-43857-0-5187748754397035-package tar://C:\Users\wilie\AppData\Local\Temp\npm-2868-hH9KkzOu\1395713643857-0.5187748754397035\package
119 silly lockFile 7d542a45-43857-0-5187748754397035-package tar://C:\Users\wilie\AppData\Local\Temp\npm-2868-hH9KkzOu\1395713643857-0.5187748754397035\package
120 silly lockFile c070394b-43857-0-5187748754397035-tmp-tgz tar://C:\Users\wilie\AppData\Local\Temp\npm-2868-hH9KkzOu\1395713643857-0.5187748754397035\tmp.tgz
121 silly lockFile c070394b-43857-0-5187748754397035-tmp-tgz tar://C:\Users\wilie\AppData\Local\Temp\npm-2868-hH9KkzOu\1395713643857-0.5187748754397035\tmp.tgz
122 verbose tar pack [ 'C:\\Users\\wilie\\AppData\\Roaming\\npm-cache\\tse\\0.1.5\\package.tgz',
122 verbose tar pack   'C:\\Users\\wilie\\AppData\\Local\\Temp\\npm-2868-hH9KkzOu\\1395713643857-0.5187748754397035\\package' ]
123 verbose tarball C:\Users\wilie\AppData\Roaming\npm-cache\tse\0.1.5\package.tgz
124 verbose folder C:\Users\wilie\AppData\Local\Temp\npm-2868-hH9KkzOu\1395713643857-0.5187748754397035\package
125 silly lockFile 7d542a45-43857-0-5187748754397035-package tar://C:\Users\wilie\AppData\Local\Temp\npm-2868-hH9KkzOu\1395713643857-0.5187748754397035\package
126 verbose lock tar://C:\Users\wilie\AppData\Local\Temp\npm-2868-hH9KkzOu\1395713643857-0.5187748754397035\package C:\Users\wilie\AppData\Roaming\npm-cache\7d542a45-43857-0-5187748754397035-package.lock
127 silly lockFile 15c27287--npm-cache-tse-0-1-5-package-tgz tar://C:\Users\wilie\AppData\Roaming\npm-cache\tse\0.1.5\package.tgz
128 verbose lock tar://C:\Users\wilie\AppData\Roaming\npm-cache\tse\0.1.5\package.tgz C:\Users\wilie\AppData\Roaming\npm-cache\15c27287--npm-cache-tse-0-1-5-package-tgz.lock
129 silly lockFile 7d542a45-43857-0-5187748754397035-package tar://C:\Users\wilie\AppData\Local\Temp\npm-2868-hH9KkzOu\1395713643857-0.5187748754397035\package
130 silly lockFile 7d542a45-43857-0-5187748754397035-package tar://C:\Users\wilie\AppData\Local\Temp\npm-2868-hH9KkzOu\1395713643857-0.5187748754397035\package
131 silly lockFile 15c27287--npm-cache-tse-0-1-5-package-tgz tar://C:\Users\wilie\AppData\Roaming\npm-cache\tse\0.1.5\package.tgz
132 silly lockFile 15c27287--npm-cache-tse-0-1-5-package-tgz tar://C:\Users\wilie\AppData\Roaming\npm-cache\tse\0.1.5\package.tgz
133 silly lockFile 86f8586a-ming-npm-cache-tse-0-1-5-package C:\Users\wilie\AppData\Roaming\npm-cache\tse\0.1.5\package
134 verbose lock C:\Users\wilie\AppData\Roaming\npm-cache\tse\0.1.5\package C:\Users\wilie\AppData\Roaming\npm-cache\86f8586a-ming-npm-cache-tse-0-1-5-package.lock
135 silly lockFile 86f8586a-ming-npm-cache-tse-0-1-5-package C:\Users\wilie\AppData\Roaming\npm-cache\tse\0.1.5\package
136 silly lockFile 86f8586a-ming-npm-cache-tse-0-1-5-package C:\Users\wilie\AppData\Roaming\npm-cache\tse\0.1.5\package
137 verbose tar unpack C:\Users\wilie\AppData\Roaming\npm-cache\tse\0.1.5\package.tgz
138 silly lockFile 2d74e9db-ming-npm-cache-tse-0-1-5-package tar://C:\Users\wilie\AppData\Roaming\npm-cache\tse\0.1.5\package
139 verbose lock tar://C:\Users\wilie\AppData\Roaming\npm-cache\tse\0.1.5\package C:\Users\wilie\AppData\Roaming\npm-cache\2d74e9db-ming-npm-cache-tse-0-1-5-package.lock
140 silly lockFile 15c27287--npm-cache-tse-0-1-5-package-tgz tar://C:\Users\wilie\AppData\Roaming\npm-cache\tse\0.1.5\package.tgz
141 verbose lock tar://C:\Users\wilie\AppData\Roaming\npm-cache\tse\0.1.5\package.tgz C:\Users\wilie\AppData\Roaming\npm-cache\15c27287--npm-cache-tse-0-1-5-package-tgz.lock
142 silly gunzTarPerm modes [ '755', '644' ]
143 silly gunzTarPerm extractEntry package.json
144 silly gunzTarPerm modified mode [ 'package.json', 438, 420 ]
145 silly gunzTarPerm extractEntry README.md
146 silly gunzTarPerm modified mode [ 'README.md', 438, 420 ]
147 silly gunzTarPerm extractEntry bin/tse
148 silly gunzTarPerm modified mode [ 'bin/tse', 438, 420 ]
149 silly gunzTarPerm extractEntry lib/copyDir.js
150 silly gunzTarPerm modified mode [ 'lib/copyDir.js', 438, 420 ]
151 silly gunzTarPerm extractEntry lib/copyDir.ts
152 silly gunzTarPerm modified mode [ 'lib/copyDir.ts', 438, 420 ]
153 silly gunzTarPerm extractEntry lib/tse.ts
154 silly gunzTarPerm modified mode [ 'lib/tse.ts', 438, 420 ]
155 silly gunzTarPerm extractEntry lib/tslib/express.d.ts
156 silly gunzTarPerm modified mode [ 'lib/tslib/express.d.ts', 438, 420 ]
157 silly gunzTarPerm extractEntry lib/tslib/jquery.d.ts
158 silly gunzTarPerm modified mode [ 'lib/tslib/jquery.d.ts', 438, 420 ]
159 silly gunzTarPerm extractEntry lib/tslib/mongoose.d.ts
160 silly gunzTarPerm modified mode [ 'lib/tslib/mongoose.d.ts', 438, 420 ]
161 silly gunzTarPerm extractEntry lib/tslib/node.d.ts
162 silly gunzTarPerm modified mode [ 'lib/tslib/node.d.ts', 438, 420 ]
163 silly gunzTarPerm extractEntry lib/tslib/underscore.d.ts
164 silly gunzTarPerm modified mode [ 'lib/tslib/underscore.d.ts', 438, 420 ]
165 silly gunzTarPerm extractEntry template/package.json
166 silly gunzTarPerm modified mode [ 'template/package.json', 438, 420 ]
167 silly gunzTarPerm extractEntry template/app.js
168 silly gunzTarPerm modified mode [ 'template/app.js', 438, 420 ]
169 silly gunzTarPerm extractEntry template/app/controllers/app_controller.js
170 silly gunzTarPerm modified mode [ 'template/app/controllers/app_controller.js', 438, 420 ]
171 silly gunzTarPerm extractEntry template/app/controllers/example_controller.js
172 silly gunzTarPerm modified mode [ 'template/app/controllers/example_controller.js', 438, 420 ]
173 silly gunzTarPerm extractEntry template/app/controllers/app_controller.ts
174 silly gunzTarPerm modified mode [ 'template/app/controllers/app_controller.ts', 438, 420 ]
175 silly gunzTarPerm extractEntry template/app/controllers/example_controller.ts
176 silly gunzTarPerm modified mode [ 'template/app/controllers/example_controller.ts', 438, 420 ]
177 silly gunzTarPerm extractEntry template/app/middlewares/example_middleware.ts
178 silly gunzTarPerm modified mode [ 'template/app/middlewares/example_middleware.ts', 438, 420 ]
179 silly gunzTarPerm extractEntry template/app/models/example_model.ts
180 silly gunzTarPerm modified mode [ 'template/app/models/example_model.ts', 438, 420 ]
181 silly gunzTarPerm extractEntry template/app/views/example.html
182 silly gunzTarPerm modified mode [ 'template/app/views/example.html', 438, 420 ]
183 silly gunzTarPerm extractEntry template/app/views/index.html
184 silly gunzTarPerm modified mode [ 'template/app/views/index.html', 438, 420 ]
185 silly gunzTarPerm extractEntry template/app.ts
186 silly gunzTarPerm modified mode [ 'template/app.ts', 438, 420 ]
187 silly gunzTarPerm extractEntry template/config/config.js
188 silly gunzTarPerm modified mode [ 'template/config/config.js', 438, 420 ]
189 silly gunzTarPerm extractEntry template/config/db.js
190 silly gunzTarPerm modified mode [ 'template/config/db.js', 438, 420 ]
191 silly gunzTarPerm extractEntry template/config/routes.js
192 silly gunzTarPerm modified mode [ 'template/config/routes.js', 438, 420 ]
193 silly gunzTarPerm extractEntry template/config/config.ts
194 silly gunzTarPerm modified mode [ 'template/config/config.ts', 438, 420 ]
195 silly gunzTarPerm extractEntry template/config/db.ts
196 silly gunzTarPerm modified mode [ 'template/config/db.ts', 438, 420 ]
197 silly gunzTarPerm extractEntry template/config/routes.ts
198 silly gunzTarPerm modified mode [ 'template/config/routes.ts', 438, 420 ]
199 silly gunzTarPerm extractEntry template/db/example_db.ts
200 silly gunzTarPerm modified mode [ 'template/db/example_db.ts', 438, 420 ]
201 silly gunzTarPerm extractEntry template/lib/tslib/express.d.ts
202 silly gunzTarPerm modified mode [ 'template/lib/tslib/express.d.ts', 438, 420 ]
203 silly gunzTarPerm extractEntry template/lib/tslib/jquery.d.ts
204 silly gunzTarPerm modified mode [ 'template/lib/tslib/jquery.d.ts', 438, 420 ]
205 silly gunzTarPerm extractEntry template/lib/tslib/mongoose.d.ts
206 silly gunzTarPerm modified mode [ 'template/lib/tslib/mongoose.d.ts', 438, 420 ]
207 silly gunzTarPerm extractEntry template/lib/tslib/node.d.ts
208 silly gunzTarPerm modified mode [ 'template/lib/tslib/node.d.ts', 438, 420 ]
209 silly gunzTarPerm extractEntry template/lib/tslib/underscore.d.ts
210 silly gunzTarPerm modified mode [ 'template/lib/tslib/underscore.d.ts', 438, 420 ]
211 silly gunzTarPerm extractEntry template/log/example.log
212 silly gunzTarPerm modified mode [ 'template/log/example.log', 438, 420 ]
213 silly gunzTarPerm extractEntry template/public/css/bootstrap-responsive.css
214 silly gunzTarPerm modified mode [ 'template/public/css/bootstrap-responsive.css', 438, 420 ]
215 silly gunzTarPerm extractEntry template/public/css/bootstrap-responsive.min.css
216 silly gunzTarPerm modified mode [ 'template/public/css/bootstrap-responsive.min.css', 438, 420 ]
217 silly gunzTarPerm extractEntry template/public/css/bootstrap.css
218 silly gunzTarPerm modified mode [ 'template/public/css/bootstrap.css', 438, 420 ]
219 silly gunzTarPerm extractEntry template/public/css/bootstrap.min.css
220 silly gunzTarPerm modified mode [ 'template/public/css/bootstrap.min.css', 438, 420 ]
221 silly gunzTarPerm extractEntry template/public/css/style.css
222 silly gunzTarPerm modified mode [ 'template/public/css/style.css', 438, 420 ]
223 silly gunzTarPerm extractEntry template/public/html/index.html
224 silly gunzTarPerm modified mode [ 'template/public/html/index.html', 438, 420 ]
225 silly gunzTarPerm extractEntry template/public/js/bootstrap.js
226 silly gunzTarPerm modified mode [ 'template/public/js/bootstrap.js', 438, 420 ]
227 silly gunzTarPerm extractEntry template/public/js/bootstrap.min.js
228 silly gunzTarPerm modified mode [ 'template/public/js/bootstrap.min.js', 438, 420 ]
229 silly gunzTarPerm extractEntry template/public/js/jquery.min.js
230 silly gunzTarPerm modified mode [ 'template/public/js/jquery.min.js', 438, 420 ]
231 silly lockFile 2d74e9db-ming-npm-cache-tse-0-1-5-package tar://C:\Users\wilie\AppData\Roaming\npm-cache\tse\0.1.5\package
232 silly lockFile 2d74e9db-ming-npm-cache-tse-0-1-5-package tar://C:\Users\wilie\AppData\Roaming\npm-cache\tse\0.1.5\package
233 silly lockFile 15c27287--npm-cache-tse-0-1-5-package-tgz tar://C:\Users\wilie\AppData\Roaming\npm-cache\tse\0.1.5\package.tgz
234 silly lockFile 15c27287--npm-cache-tse-0-1-5-package-tgz tar://C:\Users\wilie\AppData\Roaming\npm-cache\tse\0.1.5\package.tgz
235 verbose chmod C:\Users\wilie\AppData\Roaming\npm-cache\tse\0.1.5\package.tgz 644
236 silly chown skipping for windows C:\Users\wilie\AppData\Roaming\npm-cache\tse\0.1.5\package.tgz
237 silly lockFile 3a52ce78- .
238 silly lockFile 3a52ce78- .
239 silly publish { name: 'tse',
239 silly publish   description: 'create express project with typescript',
239 silly publish   version: '0.1.5',
239 silly publish   author: { name: 'qinjia', email: 'qinjia@outlook.com' },
239 silly publish   dependencies: { commander: '*', express: '3.4.8', ejs: '*' },
239 silly publish   keywords: [ 'express', 'typescript', 'restful' ],
239 silly publish   repository: { type: 'git', url: 'git://github.com/hellopao/tse' },
239 silly publish   bin: { tse: './bin/tse' },
239 silly publish   scripts: { prepublish: 'npm prune', test: 'make test' },
239 silly publish   engines: { node: '>= 0.10.24' },
239 silly publish   license: 'MIT',
239 silly publish   readme: 'tse\n===\n\nexpress project with tyepscript\n',
239 silly publish   readmeFilename: 'README.md',
239 silly publish   bugs: { url: 'https://github.com/hellopao/tse/issues' },
239 silly publish   homepage: 'https://github.com/hellopao/tse',
239 silly publish   _id: 'tse@0.1.5',
239 silly publish   dist: { shasum: 'c5ea4ab8f49d125353dbc4891e842ed560aea7a0' },
239 silly publish   _from: '.' }
240 verbose url raw tse
241 verbose url resolving [ 'https://registry.npmjs.org/', './tse' ]
242 verbose url resolved https://registry.npmjs.org/tse
243 error publish Failed PUT undefined
244 error Error: login error
244 error     at RegClient.<anonymous> (C:\Program Files\nodejs\node_modules\npm\node_modules\npm-registry-client\lib\request.js:82:22)
244 error     at CouchLogin.<anonymous> (C:\Program Files\nodejs\node_modules\npm\node_modules\npm-registry-client\node_modules\couch-login\couch-login.js:191:14)
244 error     at CouchLogin.<anonymous> (C:\Program Files\nodejs\node_modules\npm\node_modules\npm-registry-client\node_modules\couch-login\couch-login.js:173:46)
244 error     at Request.self.callback (C:\Program Files\nodejs\node_modules\npm\node_modules\request\request.js:123:22)
244 error     at Request.EventEmitter.emit (events.js:98:17)
244 error     at Request.<anonymous> (C:\Program Files\nodejs\node_modules\npm\node_modules\request\request.js:893:14)
244 error     at Request.EventEmitter.emit (events.js:117:20)
244 error     at IncomingMessage.<anonymous> (C:\Program Files\nodejs\node_modules\npm\node_modules\request\request.js:844:12)
244 error     at IncomingMessage.EventEmitter.emit (events.js:117:20)
244 error     at _stream_readable.js:920:16
245 error If you need help, you may report this *entire* log,
245 error including the npm and node versions, at:
245 error     <http://github.com/isaacs/npm/issues>
246 error System Windows_NT 6.2.9200
247 error command "C:\\Program Files\\nodejs\\\\node.exe" "C:\\Program Files\\nodejs\\node_modules\\npm\\bin\\npm-cli.js" "publish" "."
248 error cwd F:\My Project\tse
249 error node -v v0.10.24
250 error npm -v 1.3.21
251 verbose exit [ 1, true ]
